<?xml version="1.0" encoding="UTF-8"?>
<!-- Generated by org.testng.reporters.JUnitReportReporter -->
<testsuite hostname="V7-Laptop016" failures="0" tests="1" name="TestClass" time="0.023" errors="0" timestamp="2020-11-10T13:56:43 IST" skipped="0">
  <testcase classname="TestClass" name="sample" time="0.023"/>
</testsuite> <!-- TestClass -->
